{
"/Users/somasund/_dilip/node/mocha/gleb-bahmutov/calculation.js":{"path":"/Users/somasund/_dilip/node/mocha/gleb-bahmutov/calculation.js","s":{"1":1,"2":1,"3":1,"4":1,"5":2,"6":1,"7":2,"8":1,"9":3,"10":1,"11":3,"12":2,"13":3,"14":1,"15":1,"16":1,"17":1},"b":{"1":[1,1],"2":[1,2],"3":[2,1]},"f":{"1":1,"2":2,"3":3,"4":1},"fnMap":{"1":{"name":"(anonymous_1)","line":10,"loc":{"start":{"line":10,"column":19},"end":{"line":10,"column":31}}},"2":{"name":"(anonymous_2)","line":22,"loc":{"start":{"line":22,"column":20},"end":{"line":22,"column":33}}},"3":{"name":"(anonymous_3)","line":33,"loc":{"start":{"line":33,"column":17},"end":{"line":33,"column":31}}},"4":{"name":"(anonymous_4)","line":43,"loc":{"start":{"line":43,"column":26},"end":{"line":43,"column":37}}}},"statementMap":{"1":{"start":{"line":10,"column":0},"end":{"line":48,"column":5}},"2":{"start":{"line":12,"column":2},"end":{"line":12,"column":20}},"3":{"start":{"line":13,"column":2},"end":{"line":16,"column":3}},"4":{"start":{"line":22,"column":2},"end":{"line":25,"column":4}},"5":{"start":{"line":23,"column":4},"end":{"line":23,"column":38}},"6":{"start":{"line":23,"column":32},"end":{"line":23,"column":38}},"7":{"start":{"line":24,"column":4},"end":{"line":24,"column":13}},"8":{"start":{"line":33,"column":2},"end":{"line":37,"column":4}},"9":{"start":{"line":34,"column":4},"end":{"line":34,"column":34}},"10":{"start":{"line":34,"column":30},"end":{"line":34,"column":34}},"11":{"start":{"line":35,"column":4},"end":{"line":35,"column":34}},"12":{"start":{"line":35,"column":30},"end":{"line":35,"column":34}},"13":{"start":{"line":36,"column":4},"end":{"line":36,"column":15}},"14":{"start":{"line":43,"column":2},"end":{"line":45,"column":4}},"15":{"start":{"line":44,"column":4},"end":{"line":44,"column":15}},"16":{"start":{"line":46,"column":2},"end":{"line":46,"column":18}},"17":{"start":{"line":50,"column":0},"end":{"line":50,"column":29}}},"branchMap":{"1":{"line":23,"type":"if","locations":[{"start":{"line":23,"column":4},"end":{"line":23,"column":4}},{"start":{"line":23,"column":4},"end":{"line":23,"column":4}}]},"2":{"line":34,"type":"if","locations":[{"start":{"line":34,"column":4},"end":{"line":34,"column":4}},{"start":{"line":34,"column":4},"end":{"line":34,"column":4}}]},"3":{"line":35,"type":"if","locations":[{"start":{"line":35,"column":4},"end":{"line":35,"column":4}},{"start":{"line":35,"column":4},"end":{"line":35,"column":4}}]}},"l":{"10":1,"12":1,"13":1,"22":1,"23":2,"24":2,"33":1,"34":3,"35":3,"36":3,"43":1,"44":1,"46":1,"50":1}},
"/Users/somasund/_dilip/node/mocha/gleb-bahmutov/server.js":{"path":"/Users/somasund/_dilip/node/mocha/gleb-bahmutov/server.js","s":{"1":1,"2":2,"3":2,"4":1,"5":2,"6":2,"7":2,"8":2,"9":1},"b":{},"f":{"1":2,"2":1,"3":2},"fnMap":{"1":{"name":"makeServer","line":1,"loc":{"start":{"line":1,"column":0},"end":{"line":1,"column":21}}},"2":{"name":"(anonymous_2)","line":4,"loc":{"start":{"line":4,"column":15},"end":{"line":4,"column":35}}},"3":{"name":"(anonymous_3)","line":8,"loc":{"start":{"line":8,"column":32},"end":{"line":8,"column":44}}}},"statementMap":{"1":{"start":{"line":1,"column":0},"end":{"line":13,"column":1}},"2":{"start":{"line":2,"column":2},"end":{"line":3,"column":22}},"3":{"start":{"line":4,"column":2},"end":{"line":6,"column":5}},"4":{"start":{"line":5,"column":4},"end":{"line":5,"column":31}},"5":{"start":{"line":8,"column":2},"end":{"line":11,"column":5}},"6":{"start":{"line":9,"column":4},"end":{"line":9,"column":37}},"7":{"start":{"line":10,"column":4},"end":{"line":10,"column":58}},"8":{"start":{"line":12,"column":2},"end":{"line":12,"column":16}},"9":{"start":{"line":14,"column":0},"end":{"line":14,"column":28}}},"branchMap":{},"l":{"1":1,"2":2,"4":2,"5":1,"8":2,"9":2,"10":2,"12":2,"14":1}}}
