{
"/Users/somasund/_dilip/node/mocha/gleb-bahmutov/calculation.js":{"path":"/Users/somasund/_dilip/node/mocha/gleb-bahmutov/calculation.js","s":{"1":1,"2":1,"3":1,"4":1,"5":2,"6":1,"7":2,"8":1,"9":1,"10":1,"11":3,"12":1,"13":3,"14":2,"15":3,"16":1,"17":1,"18":1,"19":1},"b":{"1":[1,1],"2":[1,1],"3":[1,2],"4":[2,1]},"f":{"1":1,"2":2,"3":1,"4":3,"5":1},"fnMap":{"1":{"name":"(anonymous_1)","line":12,"loc":{"start":{"line":12,"column":19},"end":{"line":12,"column":31}}},"2":{"name":"(anonymous_2)","line":24,"loc":{"start":{"line":24,"column":20},"end":{"line":24,"column":33}}},"3":{"name":"(anonymous_3)","line":34,"loc":{"start":{"line":34,"column":30},"end":{"line":34,"column":41}}},"4":{"name":"(anonymous_4)","line":43,"loc":{"start":{"line":43,"column":17},"end":{"line":43,"column":31}}},"5":{"name":"(anonymous_5)","line":53,"loc":{"start":{"line":53,"column":26},"end":{"line":53,"column":37}}}},"statementMap":{"1":{"start":{"line":12,"column":0},"end":{"line":58,"column":5}},"2":{"start":{"line":14,"column":2},"end":{"line":14,"column":20}},"3":{"start":{"line":15,"column":2},"end":{"line":18,"column":3}},"4":{"start":{"line":24,"column":2},"end":{"line":27,"column":4}},"5":{"start":{"line":25,"column":4},"end":{"line":25,"column":38}},"6":{"start":{"line":25,"column":32},"end":{"line":25,"column":38}},"7":{"start":{"line":26,"column":4},"end":{"line":26,"column":13}},"8":{"start":{"line":34,"column":2},"end":{"line":36,"column":3}},"9":{"start":{"line":35,"column":4},"end":{"line":35,"column":18}},"10":{"start":{"line":43,"column":2},"end":{"line":47,"column":4}},"11":{"start":{"line":44,"column":4},"end":{"line":44,"column":34}},"12":{"start":{"line":44,"column":30},"end":{"line":44,"column":34}},"13":{"start":{"line":45,"column":4},"end":{"line":45,"column":34}},"14":{"start":{"line":45,"column":30},"end":{"line":45,"column":34}},"15":{"start":{"line":46,"column":4},"end":{"line":46,"column":15}},"16":{"start":{"line":53,"column":2},"end":{"line":55,"column":4}},"17":{"start":{"line":54,"column":4},"end":{"line":54,"column":15}},"18":{"start":{"line":56,"column":2},"end":{"line":56,"column":18}},"19":{"start":{"line":60,"column":0},"end":{"line":60,"column":29}}},"branchMap":{"1":{"line":25,"type":"if","locations":[{"start":{"line":25,"column":4},"end":{"line":25,"column":4}},{"start":{"line":25,"column":4},"end":{"line":25,"column":4}}]},"2":{"line":35,"type":"binary-expr","locations":[{"start":{"line":35,"column":11},"end":{"line":35,"column":12}},{"start":{"line":35,"column":16},"end":{"line":35,"column":17}}]},"3":{"line":44,"type":"if","locations":[{"start":{"line":44,"column":4},"end":{"line":44,"column":4}},{"start":{"line":44,"column":4},"end":{"line":44,"column":4}}]},"4":{"line":45,"type":"if","locations":[{"start":{"line":45,"column":4},"end":{"line":45,"column":4}},{"start":{"line":45,"column":4},"end":{"line":45,"column":4}}]}},"l":{"12":1,"14":1,"15":1,"24":1,"25":2,"26":2,"34":1,"35":1,"43":1,"44":3,"45":3,"46":3,"53":1,"54":1,"56":1,"60":1}},
"/Users/somasund/_dilip/node/mocha/gleb-bahmutov/server.js":{"path":"/Users/somasund/_dilip/node/mocha/gleb-bahmutov/server.js","s":{"1":1,"2":2,"3":2,"4":1,"5":2,"6":2,"7":2,"8":2,"9":1},"b":{},"f":{"1":2,"2":1,"3":2},"fnMap":{"1":{"name":"makeServer","line":1,"loc":{"start":{"line":1,"column":0},"end":{"line":1,"column":21}}},"2":{"name":"(anonymous_2)","line":4,"loc":{"start":{"line":4,"column":15},"end":{"line":4,"column":35}}},"3":{"name":"(anonymous_3)","line":8,"loc":{"start":{"line":8,"column":32},"end":{"line":8,"column":44}}}},"statementMap":{"1":{"start":{"line":1,"column":0},"end":{"line":13,"column":1}},"2":{"start":{"line":2,"column":2},"end":{"line":3,"column":22}},"3":{"start":{"line":4,"column":2},"end":{"line":6,"column":5}},"4":{"start":{"line":5,"column":4},"end":{"line":5,"column":31}},"5":{"start":{"line":8,"column":2},"end":{"line":11,"column":5}},"6":{"start":{"line":9,"column":4},"end":{"line":9,"column":37}},"7":{"start":{"line":10,"column":4},"end":{"line":10,"column":58}},"8":{"start":{"line":12,"column":2},"end":{"line":12,"column":16}},"9":{"start":{"line":14,"column":0},"end":{"line":14,"column":28}}},"branchMap":{},"l":{"1":1,"2":2,"4":2,"5":1,"8":2,"9":2,"10":2,"12":2,"14":1}}}
