TN:
SF:/Users/somasund/_dilip/node/mocha/gleb-bahmutov/calculation.js
FN:10,(anonymous_1)
FN:22,(anonymous_2)
FN:33,(anonymous_3)
FN:43,(anonymous_4)
FNF:4
FNH:4
FNDA:1,(anonymous_1)
FNDA:2,(anonymous_2)
FNDA:3,(anonymous_3)
FNDA:1,(anonymous_4)
DA:10,1
DA:12,1
DA:13,1
DA:22,1
DA:23,2
DA:24,2
DA:33,1
DA:34,3
DA:35,3
DA:36,3
DA:43,1
DA:44,1
DA:46,1
DA:50,1
LF:14
LH:14
BRDA:23,1,0,1
BRDA:23,1,1,1
BRDA:34,2,0,1
BRDA:34,2,1,2
BRDA:35,3,0,2
BRDA:35,3,1,1
BRF:6
BRH:6
end_of_record
TN:
SF:/Users/somasund/_dilip/node/mocha/gleb-bahmutov/server.js
FN:1,makeServer
FN:4,(anonymous_2)
FN:8,(anonymous_3)
FNF:3
FNH:3
FNDA:2,makeServer
FNDA:1,(anonymous_2)
FNDA:2,(anonymous_3)
DA:1,1
DA:2,2
DA:4,2
DA:5,1
DA:8,2
DA:9,2
DA:10,2
DA:12,2
DA:14,1
LF:9
LH:9
BRF:0
BRH:0
end_of_record
