TN:
SF:/Users/somasund/_dilip/node/mocha/gleb-bahmutov/calculation.js
FN:12,(anonymous_1)
FN:24,(anonymous_2)
FN:34,(anonymous_3)
FN:43,(anonymous_4)
FN:53,(anonymous_5)
FNF:5
FNH:5
FNDA:1,(anonymous_1)
FNDA:2,(anonymous_2)
FNDA:1,(anonymous_3)
FNDA:3,(anonymous_4)
FNDA:1,(anonymous_5)
DA:12,1
DA:14,1
DA:15,1
DA:24,1
DA:25,2
DA:26,2
DA:34,1
DA:35,1
DA:43,1
DA:44,3
DA:45,3
DA:46,3
DA:53,1
DA:54,1
DA:56,1
DA:60,1
LF:16
LH:16
BRDA:25,1,0,1
BRDA:25,1,1,1
BRDA:35,2,0,1
BRDA:35,2,1,1
BRDA:44,3,0,1
BRDA:44,3,1,2
BRDA:45,4,0,2
BRDA:45,4,1,1
BRF:8
BRH:8
end_of_record
TN:
SF:/Users/somasund/_dilip/node/mocha/gleb-bahmutov/server.js
FN:1,makeServer
FN:4,(anonymous_2)
FN:8,(anonymous_3)
FNF:3
FNH:3
FNDA:2,makeServer
FNDA:1,(anonymous_2)
FNDA:2,(anonymous_3)
DA:1,1
DA:2,2
DA:4,2
DA:5,1
DA:8,2
DA:9,2
DA:10,2
DA:12,2
DA:14,1
LF:9
LH:9
BRF:0
BRH:0
end_of_record
